<?xml version="1.0" encoding="UTF-8"?>
<!-- Generated by org.testng.reporters.JUnitXMLReporter -->
<testsuite ignored="0" hostname="DESKTOP-0KUUI79" failures="0" tests="0" name="Test" time="0.064" errors="0" timestamp="2024-01-29T10:36:18 IST">
  <testcase classname="io.cucumber.testng.AbstractTestNGCucumberTests" name="@BeforeClass setUpClass" time="0.036">
    <failure type="java.lang.IllegalArgumentException" message="Illegal character in path at index 0: {StepDefinition}">
      <![CDATA[java.lang.IllegalArgumentException: Illegal character in path at index 0: {StepDefinition}
at java.base/java.net.URI.create(URI.java:911)
at io.cucumber.core.feature.GluePath.parseAssumeClasspathScheme(GluePath.java:81)
at io.cucumber.core.feature.GluePath.parse(GluePath.java:68)
at io.cucumber.core.options.CucumberOptionsAnnotationParser.addGlue(CucumberOptionsAnnotationParser.java:126)
at io.cucumber.core.options.CucumberOptionsAnnotationParser.parse(CucumberOptionsAnnotationParser.java:43)
at io.cucumber.testng.TestNGCucumberRunner.<init>(TestNGCucumberRunner.java:85)
at io.cucumber.testng.AbstractTestNGCucumberTests.setUpClass(AbstractTestNGCucumberTests.java:27)
at java.base/java.util.ArrayList.forEach(ArrayList.java:1511)
Caused by: java.net.URISyntaxException: Illegal character in path at index 0: {StepDefinition}
at java.base/java.net.URI$Parser.fail(URI.java:2963)
at java.base/java.net.URI$Parser.checkChars(URI.java:3134)
at java.base/java.net.URI$Parser.parseHierarchical(URI.java:3216)
at java.base/java.net.URI$Parser.parse(URI.java:3175)
at java.base/java.net.URI.<init>(URI.java:628)
at java.base/java.net.URI.create(URI.java:909)
... 30 more
... Removed 23 stack frames]]>
    </failure>
  </testcase> <!-- @BeforeClass setUpClass -->
</testsuite> <!-- Test -->
